0 verbose cli /usr/local/bin/node /usr/local/bin/npm
1 info using npm@11.6.2
2 info using node@v24.11.1
3 silly config load:file:/usr/local/lib/node_modules/npm/npmrc
4 silly config load:file:/Users/vitorcastello/projetos/gestor-tiny/.npmrc
5 silly config load:file:/Users/vitorcastello/.npmrc
6 silly config load:file:/usr/local/etc/npmrc
7 verbose title npm install node-fetch@2
8 verbose argv "install" "node-fetch@2" "--no-audit" "--no-fund"
9 verbose logfile logs-max:10 dir:/Users/vitorcastello/projetos/gestor-tiny/.npm-cache/_logs/2025-11-22T18_15_39_905Z-
10 verbose logfile /Users/vitorcastello/projetos/gestor-tiny/.npm-cache/_logs/2025-11-22T18_15_39_905Z-debug-0.log
11 silly logfile done cleaning log files
12 silly packumentCache heap:4496293888 maxSize:1124073472 maxEntrySize:562036736
13 verbose shrinkwrap failed to load node_modules/.package-lock.json out of date, updated: node_modules
14 silly idealTree buildDeps
15 silly fetch manifest node-fetch@2
16 silly packumentCache full:https://registry.npmjs.org/node-fetch cache-miss
17 http fetch GET 200 https://registry.npmjs.org/node-fetch 191ms (cache miss)
18 silly packumentCache full:https://registry.npmjs.org/node-fetch set size:undefined disposed:false
19 silly fetch manifest encoding@^0.1.0
20 silly packumentCache full:https://registry.npmjs.org/encoding cache-miss
21 http fetch GET 200 https://registry.npmjs.org/encoding 41ms (cache miss)
22 silly packumentCache full:https://registry.npmjs.org/encoding set size:undefined disposed:false
23 silly placeDep ROOT node-fetch@2.7.0 OK for: gestor-tiny@0.1.0 want: 2
24 silly fetch manifest whatwg-url@^5.0.0
25 silly packumentCache full:https://registry.npmjs.org/whatwg-url cache-miss
26 http fetch GET 200 https://registry.npmjs.org/whatwg-url 61ms (cache miss)
27 silly packumentCache full:https://registry.npmjs.org/whatwg-url set size:undefined disposed:false
28 silly placeDep ROOT whatwg-url@5.0.0 OK for: node-fetch@2.7.0 want: ^5.0.0
29 silly fetch manifest tr46@~0.0.3
30 silly packumentCache full:https://registry.npmjs.org/tr46 cache-miss
31 silly fetch manifest webidl-conversions@^3.0.0
32 silly packumentCache full:https://registry.npmjs.org/webidl-conversions cache-miss
33 http fetch GET 200 https://registry.npmjs.org/tr46 62ms (cache miss)
34 silly packumentCache full:https://registry.npmjs.org/tr46 set size:undefined disposed:false
35 http fetch GET 200 https://registry.npmjs.org/webidl-conversions 68ms (cache miss)
36 silly packumentCache full:https://registry.npmjs.org/webidl-conversions set size:undefined disposed:false
37 silly placeDep ROOT tr46@0.0.3 OK for: whatwg-url@5.0.0 want: ~0.0.3
38 silly placeDep ROOT webidl-conversions@3.0.1 OK for: whatwg-url@5.0.0 want: ^3.0.0
39 silly reify moves {}
40 http cache tr46@https://registry.npmjs.org/tr46/-/tr46-0.0.3.tgz 0ms (cache hit)
41 http cache whatwg-url@https://registry.npmjs.org/whatwg-url/-/whatwg-url-5.0.0.tgz 0ms (cache hit)
42 http cache webidl-conversions@https://registry.npmjs.org/webidl-conversions/-/webidl-conversions-3.0.1.tgz 0ms (cache hit)
43 http cache node-fetch@https://registry.npmjs.org/node-fetch/-/node-fetch-2.7.0.tgz 0ms (cache hit)
44 silly tarball no local data for tr46@https://registry.npmjs.org/tr46/-/tr46-0.0.3.tgz. Extracting by manifest.
45 silly tarball no local data for whatwg-url@https://registry.npmjs.org/whatwg-url/-/whatwg-url-5.0.0.tgz. Extracting by manifest.
46 silly tarball no local data for webidl-conversions@https://registry.npmjs.org/webidl-conversions/-/webidl-conversions-3.0.1.tgz. Extracting by manifest.
47 silly tarball no local data for node-fetch@https://registry.npmjs.org/node-fetch/-/node-fetch-2.7.0.tgz. Extracting by manifest.
48 http fetch GET 200 https://registry.npmjs.org/whatwg-url/-/whatwg-url-5.0.0.tgz 47ms (cache miss)
49 http fetch GET 200 https://registry.npmjs.org/tr46/-/tr46-0.0.3.tgz 49ms (cache miss)
50 http fetch GET 200 https://registry.npmjs.org/webidl-conversions/-/webidl-conversions-3.0.1.tgz 77ms (cache miss)
51 http fetch GET 200 https://registry.npmjs.org/node-fetch/-/node-fetch-2.7.0.tgz 98ms (cache miss)
52 silly ADD node_modules/webidl-conversions
53 silly ADD node_modules/tr46
54 silly ADD node_modules/whatwg-url
55 silly ADD node_modules/node-fetch
56 verbose cwd /Users/vitorcastello/projetos/gestor-tiny
57 verbose os Darwin 25.2.0
58 verbose node v24.11.1
59 verbose npm  v11.6.2
60 verbose exit 0
61 info ok
